<?xml version="1.0" encoding="UTF-8"?>
<testsuite xmlns:xsi="http://www.w3.org/2001/XMLSchema-instance" xsi:noNamespaceSchemaLocation="https://maven.apache.org/surefire/maven-surefire-plugin/xsd/surefire-test-report-3.0.xsd" version="3.0" name="TestSuite" time="26.3" tests="5" errors="0" skipped="5" failures="0">
  <properties>
[...]
</properties>
  <testcase name="runScenario[&quot;Login github website&quot;, &quot;Create new repository&quot;](1)" classname="com.epam.bdd.utaf.web.runners.WebTestRunner" time="0">
    <skipped message="There are undefined steps"/>
    <system-out><![CDATA[11:36:42,464 |-INFO in ch.qos.logback.classic.LoggerContext[default] - Could NOT find resource [logback-test.xml]
11:36:42,464 |-INFO in ch.qos.logback.classic.LoggerContext[default] - Could NOT find resource [logback.groovy]
11:36:42,464 |-INFO in ch.qos.logback.classic.LoggerContext[default] - Found resource [logback.xml] at [jar:file:/Users/samuel_shen/.m2/repository/com/epam/bdd/utaf/utaf-core/1.0-SNAPSHOT/utaf-core-1.0-SNAPSHOT.jar!/logback.xml]
11:36:42,500 |-INFO in ch.qos.logback.core.joran.spi.ConfigurationWatchList@3efe7086 - URL [jar:file:/Users/samuel_shen/.m2/repository/com/epam/bdd/utaf/utaf-core/1.0-SNAPSHOT/utaf-core-1.0-SNAPSHOT.jar!/logback.xml] is not of type file
11:36:42,552 |-INFO in ch.qos.logback.classic.joran.action.ConfigurationAction - debug attribute not set
11:36:42,572 |-INFO in ch.qos.logback.core.joran.action.AppenderAction - About to instantiate appender of type [ch.qos.logback.core.ConsoleAppender]
11:36:42,579 |-INFO in ch.qos.logback.core.joran.action.AppenderAction - Naming appender as [STDOUT]
11:36:42,590 |-INFO in ch.qos.logback.core.joran.action.NestedComplexPropertyIA - Assuming default type [ch.qos.logback.classic.encoder.PatternLayoutEncoder] for [encoder] property
11:36:42,710 |-INFO in ch.qos.logback.core.joran.action.AppenderAction - About to instantiate appender of type [ch.qos.logback.core.rolling.RollingFileAppender]
11:36:42,738 |-INFO in ch.qos.logback.core.joran.action.AppenderAction - Naming appender as [FILE]
11:36:42,778 |-INFO in c.q.l.core.rolling.TimeBasedRollingPolicy@1734184086 - No compression will be used
11:36:42,781 |-INFO in c.q.l.core.rolling.TimeBasedRollingPolicy@1734184086 - Will use the pattern logs/test-%d{yyyy-MM-dd}-%i.log for the active file
11:36:42,787 |-INFO in ch.qos.logback.core.rolling.SizeAndTimeBasedFNATP@741b3bc3 - The date pattern is 'yyyy-MM-dd' from file name pattern 'logs/test-%d{yyyy-MM-dd}-%i.log'.
11:36:42,787 |-INFO in ch.qos.logback.core.rolling.SizeAndTimeBasedFNATP@741b3bc3 - Roll-over at midnight.
11:36:42,795 |-INFO in ch.qos.logback.core.rolling.SizeAndTimeBasedFNATP@741b3bc3 - Setting initial period to Thu Jan 13 11:36:00 CST 2022
11:36:42,795 |-WARN in ch.qos.logback.core.rolling.SizeAndTimeBasedFNATP@741b3bc3 - SizeAndTimeBasedFNATP is deprecated. Use SizeAndTimeBasedRollingPolicy instead
11:36:42,795 |-WARN in ch.qos.logback.core.rolling.SizeAndTimeBasedFNATP@741b3bc3 - For more information see http://logback.qos.ch/manual/appenders.html#SizeAndTimeBasedRollingPolicy
11:36:42,802 |-INFO in ch.qos.logback.core.rolling.RollingFileAppender[FILE] - Active log file name: logs/test.txt
11:36:42,802 |-INFO in ch.qos.logback.core.rolling.RollingFileAppender[FILE] - File property is set to [logs/test.txt]
11:36:42,803 |-INFO in ch.qos.logback.core.joran.action.AppenderAction - About to instantiate appender of type [com.epam.reportportal.logback.appender.ReportPortalAppender]
11:36:42,806 |-INFO in ch.qos.logback.core.joran.action.AppenderAction - Naming appender as [RP]
11:36:42,806 |-INFO in ch.qos.logback.core.joran.action.NestedComplexPropertyIA - Assuming default type [ch.qos.logback.classic.encoder.PatternLayoutEncoder] for [encoder] property
11:36:42,807 |-INFO in ch.qos.logback.classic.joran.action.RootLoggerAction - Setting level of ROOT logger to INFO
11:36:42,807 |-INFO in ch.qos.logback.core.joran.action.AppenderRefAction - Attaching appender named [STDOUT] to Logger[ROOT]
11:36:42,807 |-INFO in ch.qos.logback.core.joran.action.AppenderRefAction - Attaching appender named [FILE] to Logger[ROOT]
11:36:42,807 |-INFO in ch.qos.logback.classic.joran.action.ConfigurationAction - End of configuration.
11:36:42,808 |-INFO in ch.qos.logback.classic.joran.JoranConfigurator@2ed3b1f5 - Registering current configuration as safe fallback point

2022-01-13 11:36:44.069 - INFO [com.epam.reportportal.service.Launch: 123] - Rerun: false
[Configuration] [WARN] Detected a static method [com.epam.bdd.utaf.core.runners.UTAFTestRunner.tearDown()]. Static configuration methods can cause  unexpected behavior.
2022-01-13 11:36:44.741 - INFO [com.epam.bdd.utaf.core.utils.PropertiesReader: 43] - Executing scripts for CHROME on LOCAL environment...
2022-01-13 11:36:44.748 - INFO [com.epam.bdd.utaf.core.driver.DriverSingleton: 39] - Test platform is: CHROME
2022-01-13 11:36:44.908 - INFO [io.github.bonigarcia.wdm.WebDriverManager: 587] - Using chromedriver 97.0.4692.71 (resolved driver for Chrome 97)
2022-01-13 11:36:44.932 - INFO [io.github.bonigarcia.wdm.WebDriverManager: 639] - Exporting webdriver.chrome.driver as /Users/samuel_shen/.cache/selenium/chromedriver/mac64/97.0.4692.71/chromedriver
2022-01-13 11:36:44.935 - INFO [com.epam.bdd.utaf.core.utils.PropertiesReader: 43] - Executing scripts for CHROME on LOCAL environment...
2022-01-13 11:36:47.604 - INFO [com.epam.bdd.utaf.core.driver.DriverSingleton: 55] - the current platform is CHROME
2022-01-13 11:36:47.766 - INFO [com.epam.bdd.utaf.core.runners.UTAFTestRunner: 31] - setUp driver CHROME
]]></system-out>
    <system-err><![CDATA[Starting ChromeDriver 97.0.4692.71 (adefa7837d02a07a604c1e6eff0b3a09422ab88d-refs/branch-heads/4692@{#1247}) on port 11999
Only local connections are allowed.
Please see https://chromedriver.chromium.org/security-considerations for suggestions on keeping ChromeDriver safe.
ChromeDriver was started successfully.
Jan 13, 2022 11:36:47 AM org.openqa.selenium.remote.ProtocolHandshake createSession
INFO: Detected dialect: W3C
]]></system-err>
  </testcase>
  <testcase name="runScenario[&quot;Create new repo&quot;, &quot;Create new repository&quot;](2)" classname="com.epam.bdd.utaf.web.runners.WebTestRunner" time="0">
    <skipped message="There are undefined steps"/>
  </testcase>
  <testcase name="runScenario[&quot;verify repo through API&quot;, &quot;Create new repository&quot;](3)" classname="com.epam.bdd.utaf.web.runners.WebTestRunner" time="0">
    <skipped message="There are undefined steps"/>
  </testcase>
  <testcase name="runScenario[&quot;delete repo through API&quot;, &quot;Delete repository&quot;](4)" classname="com.epam.bdd.utaf.web.runners.WebTestRunner" time="0">
    <skipped message="There are undefined steps"/>
  </testcase>
  <testcase name="runScenario[&quot;Verify deleted repo on github website&quot;, &quot;Delete repository&quot;](5)" classname="com.epam.bdd.utaf.web.runners.WebTestRunner" time="0">
    <skipped message="There are undefined steps"/>
  </testcase>
</testsuite>